<?xml version="1.0" encoding="utf-8"?><testsuites name="pytest tests"><testsuite name="pytest" errors="0" failures="0" skipped="0" tests="13" time="2.663" timestamp="2026-04-18T09:43:05.630863+00:00" hostname="agent-env-e082d505-016a-430f-bf9c-29ad00cf963e"><testcase classname="backend.tests.test_reckon_api.TestHealthEndpoint" name="test_health_returns_200" time="0.147" /><testcase classname="backend.tests.test_reckon_api.TestCompanyEndpoint" name="test_company_returns_200" time="0.116" /><testcase classname="backend.tests.test_reckon_api.TestContactEndpoint" name="test_create_enquiry_success" time="0.176" /><testcase classname="backend.tests.test_reckon_api.TestContactEndpoint" name="test_create_enquiry_persists_to_db" time="0.279" /><testcase classname="backend.tests.test_reckon_api.TestContactEndpoint" name="test_list_enquiries_returns_200" time="0.138" /><testcase classname="backend.tests.test_reckon_api.TestContactEndpoint" name="test_list_enquiries_sorted_by_recent" time="0.864" /><testcase classname="backend.tests.test_reckon_api.TestContactValidation" name="test_invalid_email_returns_422" time="0.111" /><testcase classname="backend.tests.test_reckon_api.TestContactValidation" name="test_missing_name_returns_422" time="0.100" /><testcase classname="backend.tests.test_reckon_api.TestContactValidation" name="test_missing_email_returns_422" time="0.141" /><testcase classname="backend.tests.test_reckon_api.TestContactValidation" name="test_missing_phone_returns_422" time="0.117" /><testcase classname="backend.tests.test_reckon_api.TestContactValidation" name="test_missing_message_returns_422" time="0.104" /><testcase classname="backend.tests.test_reckon_api.TestContactValidation" name="test_short_message_returns_422" time="0.107" /><testcase classname="backend.tests.test_reckon_api.TestContactValidation" name="test_short_name_returns_422" time="0.100" /></testsuite></testsuites>